<?xml version="1.0" encoding="UTF-8"?>
<!-- Generated by org.testng.reporters.JUnitReportReporter -->
<testsuite skipped="0" hostname="DESKTOP-AP99NFS" name="tests.LoginTest" tests="1" failures="0" timestamp="2019-11-19T17:18:06 PST" time="13.848" errors="0">
  <testcase name="Login" time="13.848" classname="tests.LoginTest"/>
</testsuite> <!-- tests.LoginTest -->
