<?xml version="1.0" encoding="UTF-8"?>
<!-- Generated by org.testng.reporters.JUnitReportReporter -->
<testsuite skipped="1" hostname="DESKTOP-AP99NFS" name="tests.sampleDBTest" tests="1" failures="0" timestamp="2019-11-11T22:28:05 PST" time="0.000" errors="0">
  <testcase name="databaseConnection" time="0.000" classname="tests.sampleDBTest">
    <skipped/>
  </testcase> <!-- databaseConnection -->
</testsuite> <!-- tests.sampleDBTest -->
