<?xml version="1.0" encoding="UTF-8"?>
<!-- Generated by org.testng.reporters.JUnitReportReporter -->
<testsuite skipped="0" hostname="DESKTOP-AP99NFS" name="Selenium.GetTitleTest" tests="1" failures="0" timestamp="2019-11-05T12:42:45 PST" time="0.078" errors="0">
  <testcase name="Login" time="0.078" classname="Selenium.GetTitleTest"/>
</testsuite> <!-- Selenium.GetTitleTest -->
