<?xml version="1.0" encoding="UTF-8"?>
<!-- Generated by org.testng.reporters.JUnitReportReporter -->
<testsuite skipped="0" hostname="DESKTOP-AP99NFS" name="Selenium.LoginTest" tests="2" failures="0" timestamp="2019-11-05T12:37:24 PST" time="14.791" errors="0">
  <testcase name="Login" time="10.110" classname="Selenium.LoginTest"/>
  <testcase name="Login" time="4.681" classname="Selenium.LoginTest"/>
</testsuite> <!-- Selenium.LoginTest -->
