<?xml version="1.0" encoding="UTF-8"?>
<!-- Generated by org.testng.reporters.JUnitReportReporter -->
<testsuite skipped="0" hostname="DESKTOP-AP99NFS" name="Selenium.GetHeaderTest" tests="1" failures="0" timestamp="2019-11-05T12:25:09 PST" time="7.601" errors="0">
  <testcase name="Login" time="7.601" classname="Selenium.GetHeaderTest"/>
</testsuite> <!-- Selenium.GetHeaderTest -->
