<?xml version="1.0" encoding="UTF-8"?>
<!-- Generated by org.testng.reporters.JUnitReportReporter -->
<testsuite skipped="0" hostname="DESKTOP-AP99NFS" name="runner.TestRunner" tests="1" failures="0" timestamp="2019-11-19T17:52:18 PST" time="52.861" errors="0">
  <testcase name="feature" time="52.861" classname="runner.TestRunner"/>
</testsuite> <!-- runner.TestRunner -->
