<?xml version="1.0" encoding="UTF-8"?>
<!-- Generated by org.testng.reporters.JUnitReportReporter -->
<testsuite hostname="DESKTOP-AP99NFS" name="tests.GetHeaderTest" tests="1" failures="0" timestamp="8 Nov 2019 06:10:26 GMT" time="6.479" errors="0">
  <testcase name="getHeader" time="6.479" classname="tests.GetHeaderTest"/>
</testsuite> <!-- tests.GetHeaderTest -->
