<?xml version="1.0" encoding="UTF-8"?>
<!-- Generated by org.testng.reporters.JUnitReportReporter -->
<testsuite hostname="DESKTOP-AP99NFS" name="runner.TestRunner" tests="1" failures="0" timestamp="20 Nov 2019 01:58:08 GMT" time="53.376" errors="0">
  <testcase name="feature" time="53.376" classname="runner.TestRunner"/>
</testsuite> <!-- runner.TestRunner -->
