<?xml version="1.0" encoding="UTF-8"?>
<!-- Generated by org.testng.reporters.JUnitReportReporter -->
<testsuite hostname="DESKTOP-AP99NFS" name="tests.LoginTest" tests="1" failures="0" timestamp="8 Nov 2019 06:10:26 GMT" time="12.379" errors="0">
  <testcase name="Login" time="12.379" classname="tests.LoginTest"/>
</testsuite> <!-- tests.LoginTest -->
